<?xml version="1.0" encoding="UTF-8"?>
<testng-results ignored="0" total="20" passed="20" failed="0" skipped="0">
  <reporter-output>
  </reporter-output>
  <suite started-at="2024-12-07T09:07:02 GMT" name="flight-reservation-test" finished-at="2024-12-07T09:07:46 GMT" duration-ms="44090">
    <groups>
    </groups>
    <test started-at="2024-12-07T09:07:02 GMT" name="passengers-count-1" finished-at="2024-12-07T09:07:28 GMT" duration-ms="26103">
      <class name="org.learn.tests.flightreservation.FlightReservationTest">
        <test-method is-config="true" signature="setUpDriver(org.testng.ITestContext)[pri:0, instance:org.learn.tests.flightreservation.FlightReservationTest@6c61a903]" started-at="2024-12-07T09:07:02 GMT" name="setUpDriver" finished-at="2024-12-07T09:07:14 GMT" duration-ms="12013" status="PASS">
          <params>
            <param index="0">
              <value>
                <![CDATA[org.testng.TestRunner@146dfe6]]>
              </value>
            </param>
          </params>
          <reporter-output>
          </reporter-output>
        </test-method> <!-- setUpDriver -->
        <test-method is-config="true" signature="setUpParams(java.lang.String)[pri:0, instance:org.learn.tests.flightreservation.FlightReservationTest@6c61a903]" started-at="2024-12-07T09:07:14 GMT" name="setUpParams" finished-at="2024-12-07T09:07:15 GMT" depends-on-methods="org.learn.tests.AbstractTest.setUpDriver" duration-ms="174" status="PASS">
          <params>
            <param index="0">
              <value>
                <![CDATA[test-data/flight-reservation/passenger-count-1.json]]>
              </value>
            </param>
          </params>
          <reporter-output>
          </reporter-output>
        </test-method> <!-- setUpParams -->
        <test-method signature="userRegistrationTest()[pri:0, instance:org.learn.tests.flightreservation.FlightReservationTest@6c61a903]" started-at="2024-12-07T09:07:15 GMT" name="userRegistrationTest" finished-at="2024-12-07T09:07:21 GMT" duration-ms="6718" status="PASS">
          <reporter-output>
          </reporter-output>
        </test-method> <!-- userRegistrationTest -->
        <test-method signature="registrationConfirmationPage()[pri:0, instance:org.learn.tests.flightreservation.FlightReservationTest@6c61a903]" started-at="2024-12-07T09:07:21 GMT" name="registrationConfirmationPage" finished-at="2024-12-07T09:07:22 GMT" depends-on-methods="org.learn.tests.flightreservation.FlightReservationTest.userRegistrationTest" duration-ms="784" status="PASS">
          <reporter-output>
          </reporter-output>
        </test-method> <!-- registrationConfirmationPage -->
        <test-method signature="flightsSearchPage()[pri:0, instance:org.learn.tests.flightreservation.FlightReservationTest@6c61a903]" started-at="2024-12-07T09:07:22 GMT" name="flightsSearchPage" finished-at="2024-12-07T09:07:23 GMT" depends-on-methods="org.learn.tests.flightreservation.FlightReservationTest.registrationConfirmationPage" duration-ms="1406" status="PASS">
          <reporter-output>
          </reporter-output>
        </test-method> <!-- flightsSearchPage -->
        <test-method signature="selectFlightsPage()[pri:0, instance:org.learn.tests.flightreservation.FlightReservationTest@6c61a903]" started-at="2024-12-07T09:07:23 GMT" name="selectFlightsPage" finished-at="2024-12-07T09:07:27 GMT" depends-on-methods="org.learn.tests.flightreservation.FlightReservationTest.flightsSearchPage" duration-ms="3139" status="PASS">
          <reporter-output>
          </reporter-output>
        </test-method> <!-- selectFlightsPage -->
        <test-method signature="flightConfirmationPage()[pri:0, instance:org.learn.tests.flightreservation.FlightReservationTest@6c61a903]" started-at="2024-12-07T09:07:27 GMT" name="flightConfirmationPage" finished-at="2024-12-07T09:07:28 GMT" depends-on-methods="org.learn.tests.flightreservation.FlightReservationTest.selectFlightsPage" duration-ms="1658" status="PASS">
          <reporter-output>
          </reporter-output>
        </test-method> <!-- flightConfirmationPage -->
        <test-method is-config="true" signature="quitDriver()[pri:0, instance:org.learn.tests.flightreservation.FlightReservationTest@6c61a903]" started-at="2024-12-07T09:07:28 GMT" name="quitDriver" finished-at="2024-12-07T09:07:28 GMT" duration-ms="155" status="PASS">
          <reporter-output>
          </reporter-output>
        </test-method> <!-- quitDriver -->
      </class> <!-- org.learn.tests.flightreservation.FlightReservationTest -->
    </test> <!-- passengers-count-1 -->
    <test started-at="2024-12-07T09:07:02 GMT" name="passengers-count-2" finished-at="2024-12-07T09:07:30 GMT" duration-ms="27333">
      <class name="org.learn.tests.flightreservation.FlightReservationTest">
        <test-method is-config="true" signature="setUpDriver(org.testng.ITestContext)[pri:0, instance:org.learn.tests.flightreservation.FlightReservationTest@5117dd67]" started-at="2024-12-07T09:07:02 GMT" name="setUpDriver" finished-at="2024-12-07T09:07:14 GMT" duration-ms="12013" status="PASS">
          <params>
            <param index="0">
              <value>
                <![CDATA[org.testng.TestRunner@4716be8b]]>
              </value>
            </param>
          </params>
          <reporter-output>
          </reporter-output>
        </test-method> <!-- setUpDriver -->
        <test-method is-config="true" signature="setUpParams(java.lang.String)[pri:0, instance:org.learn.tests.flightreservation.FlightReservationTest@5117dd67]" started-at="2024-12-07T09:07:14 GMT" name="setUpParams" finished-at="2024-12-07T09:07:15 GMT" depends-on-methods="org.learn.tests.AbstractTest.setUpDriver" duration-ms="174" status="PASS">
          <params>
            <param index="0">
              <value>
                <![CDATA[test-data/flight-reservation/passenger-count-2.json]]>
              </value>
            </param>
          </params>
          <reporter-output>
          </reporter-output>
        </test-method> <!-- setUpParams -->
        <test-method signature="userRegistrationTest()[pri:0, instance:org.learn.tests.flightreservation.FlightReservationTest@5117dd67]" started-at="2024-12-07T09:07:15 GMT" name="userRegistrationTest" finished-at="2024-12-07T09:07:21 GMT" duration-ms="6662" status="PASS">
          <reporter-output>
          </reporter-output>
        </test-method> <!-- userRegistrationTest -->
        <test-method signature="registrationConfirmationPage()[pri:0, instance:org.learn.tests.flightreservation.FlightReservationTest@5117dd67]" started-at="2024-12-07T09:07:21 GMT" name="registrationConfirmationPage" finished-at="2024-12-07T09:07:22 GMT" depends-on-methods="org.learn.tests.flightreservation.FlightReservationTest.userRegistrationTest" duration-ms="1247" status="PASS">
          <reporter-output>
          </reporter-output>
        </test-method> <!-- registrationConfirmationPage -->
        <test-method signature="flightsSearchPage()[pri:0, instance:org.learn.tests.flightreservation.FlightReservationTest@5117dd67]" started-at="2024-12-07T09:07:22 GMT" name="flightsSearchPage" finished-at="2024-12-07T09:07:26 GMT" depends-on-methods="org.learn.tests.flightreservation.FlightReservationTest.registrationConfirmationPage" duration-ms="3221" status="PASS">
          <reporter-output>
          </reporter-output>
        </test-method> <!-- flightsSearchPage -->
        <test-method signature="selectFlightsPage()[pri:0, instance:org.learn.tests.flightreservation.FlightReservationTest@5117dd67]" started-at="2024-12-07T09:07:26 GMT" name="selectFlightsPage" finished-at="2024-12-07T09:07:28 GMT" depends-on-methods="org.learn.tests.flightreservation.FlightReservationTest.flightsSearchPage" duration-ms="2747" status="PASS">
          <reporter-output>
          </reporter-output>
        </test-method> <!-- selectFlightsPage -->
        <test-method signature="flightConfirmationPage()[pri:0, instance:org.learn.tests.flightreservation.FlightReservationTest@5117dd67]" started-at="2024-12-07T09:07:28 GMT" name="flightConfirmationPage" finished-at="2024-12-07T09:07:29 GMT" depends-on-methods="org.learn.tests.flightreservation.FlightReservationTest.selectFlightsPage" duration-ms="966" status="PASS">
          <reporter-output>
          </reporter-output>
        </test-method> <!-- flightConfirmationPage -->
        <test-method is-config="true" signature="quitDriver()[pri:0, instance:org.learn.tests.flightreservation.FlightReservationTest@5117dd67]" started-at="2024-12-07T09:07:29 GMT" name="quitDriver" finished-at="2024-12-07T09:07:30 GMT" duration-ms="242" status="PASS">
          <reporter-output>
          </reporter-output>
        </test-method> <!-- quitDriver -->
      </class> <!-- org.learn.tests.flightreservation.FlightReservationTest -->
    </test> <!-- passengers-count-2 -->
    <test started-at="2024-12-07T09:07:02 GMT" name="passengers-count-3" finished-at="2024-12-07T09:07:32 GMT" duration-ms="30104">
      <class name="org.learn.tests.flightreservation.FlightReservationTest">
        <test-method is-config="true" signature="setUpDriver(org.testng.ITestContext)[pri:0, instance:org.learn.tests.flightreservation.FlightReservationTest@2931522b]" started-at="2024-12-07T09:07:02 GMT" name="setUpDriver" finished-at="2024-12-07T09:07:14 GMT" duration-ms="12013" status="PASS">
          <params>
            <param index="0">
              <value>
                <![CDATA[org.testng.TestRunner@1fc32e4f]]>
              </value>
            </param>
          </params>
          <reporter-output>
          </reporter-output>
        </test-method> <!-- setUpDriver -->
        <test-method is-config="true" signature="setUpParams(java.lang.String)[pri:0, instance:org.learn.tests.flightreservation.FlightReservationTest@2931522b]" started-at="2024-12-07T09:07:14 GMT" name="setUpParams" finished-at="2024-12-07T09:07:15 GMT" depends-on-methods="org.learn.tests.AbstractTest.setUpDriver" duration-ms="174" status="PASS">
          <params>
            <param index="0">
              <value>
                <![CDATA[test-data/flight-reservation/passenger-count-3.json]]>
              </value>
            </param>
          </params>
          <reporter-output>
          </reporter-output>
        </test-method> <!-- setUpParams -->
        <test-method signature="userRegistrationTest()[pri:0, instance:org.learn.tests.flightreservation.FlightReservationTest@2931522b]" started-at="2024-12-07T09:07:15 GMT" name="userRegistrationTest" finished-at="2024-12-07T09:07:21 GMT" duration-ms="6662" status="PASS">
          <reporter-output>
          </reporter-output>
        </test-method> <!-- userRegistrationTest -->
        <test-method signature="registrationConfirmationPage()[pri:0, instance:org.learn.tests.flightreservation.FlightReservationTest@2931522b]" started-at="2024-12-07T09:07:21 GMT" name="registrationConfirmationPage" finished-at="2024-12-07T09:07:24 GMT" depends-on-methods="org.learn.tests.flightreservation.FlightReservationTest.userRegistrationTest" duration-ms="2535" status="PASS">
          <reporter-output>
          </reporter-output>
        </test-method> <!-- registrationConfirmationPage -->
        <test-method signature="flightsSearchPage()[pri:0, instance:org.learn.tests.flightreservation.FlightReservationTest@2931522b]" started-at="2024-12-07T09:07:24 GMT" name="flightsSearchPage" finished-at="2024-12-07T09:07:27 GMT" depends-on-methods="org.learn.tests.flightreservation.FlightReservationTest.registrationConfirmationPage" duration-ms="2981" status="PASS">
          <reporter-output>
          </reporter-output>
        </test-method> <!-- flightsSearchPage -->
        <test-method signature="selectFlightsPage()[pri:0, instance:org.learn.tests.flightreservation.FlightReservationTest@2931522b]" started-at="2024-12-07T09:07:27 GMT" name="selectFlightsPage" finished-at="2024-12-07T09:07:30 GMT" depends-on-methods="org.learn.tests.flightreservation.FlightReservationTest.flightsSearchPage" duration-ms="2873" status="PASS">
          <reporter-output>
          </reporter-output>
        </test-method> <!-- selectFlightsPage -->
        <test-method signature="flightConfirmationPage()[pri:0, instance:org.learn.tests.flightreservation.FlightReservationTest@2931522b]" started-at="2024-12-07T09:07:30 GMT" name="flightConfirmationPage" finished-at="2024-12-07T09:07:32 GMT" depends-on-methods="org.learn.tests.flightreservation.FlightReservationTest.selectFlightsPage" duration-ms="2488" status="PASS">
          <reporter-output>
          </reporter-output>
        </test-method> <!-- flightConfirmationPage -->
        <test-method is-config="true" signature="quitDriver()[pri:0, instance:org.learn.tests.flightreservation.FlightReservationTest@2931522b]" started-at="2024-12-07T09:07:32 GMT" name="quitDriver" finished-at="2024-12-07T09:07:32 GMT" duration-ms="312" status="PASS">
          <reporter-output>
          </reporter-output>
        </test-method> <!-- quitDriver -->
      </class> <!-- org.learn.tests.flightreservation.FlightReservationTest -->
    </test> <!-- passengers-count-3 -->
    <test started-at="2024-12-07T09:07:28 GMT" name="passengers-count-4" finished-at="2024-12-07T09:07:46 GMT" duration-ms="17940">
      <class name="org.learn.tests.flightreservation.FlightReservationTest">
        <test-method is-config="true" signature="initConfig()[pri:0, instance:org.learn.tests.flightreservation.FlightReservationTest@662706a7]" started-at="2024-12-07T09:07:02 GMT" name="initConfig" finished-at="2024-12-07T09:07:02 GMT" duration-ms="5" status="PASS">
          <reporter-output>
          </reporter-output>
        </test-method> <!-- initConfig -->
        <test-method is-config="true" signature="setUpDriver(org.testng.ITestContext)[pri:0, instance:org.learn.tests.flightreservation.FlightReservationTest@662706a7]" started-at="2024-12-07T09:07:28 GMT" name="setUpDriver" finished-at="2024-12-07T09:07:35 GMT" duration-ms="6629" status="PASS">
          <params>
            <param index="0">
              <value>
                <![CDATA[org.testng.TestRunner@2f67b837]]>
              </value>
            </param>
          </params>
          <reporter-output>
          </reporter-output>
        </test-method> <!-- setUpDriver -->
        <test-method is-config="true" signature="setUpParams(java.lang.String)[pri:0, instance:org.learn.tests.flightreservation.FlightReservationTest@662706a7]" started-at="2024-12-07T09:07:35 GMT" name="setUpParams" finished-at="2024-12-07T09:07:35 GMT" depends-on-methods="org.learn.tests.AbstractTest.setUpDriver" duration-ms="6" status="PASS">
          <params>
            <param index="0">
              <value>
                <![CDATA[test-data/flight-reservation/passenger-count-4.json]]>
              </value>
            </param>
          </params>
          <reporter-output>
          </reporter-output>
        </test-method> <!-- setUpParams -->
        <test-method signature="userRegistrationTest()[pri:0, instance:org.learn.tests.flightreservation.FlightReservationTest@662706a7]" started-at="2024-12-07T09:07:35 GMT" name="userRegistrationTest" finished-at="2024-12-07T09:07:38 GMT" duration-ms="3361" status="PASS">
          <reporter-output>
          </reporter-output>
        </test-method> <!-- userRegistrationTest -->
        <test-method signature="registrationConfirmationPage()[pri:0, instance:org.learn.tests.flightreservation.FlightReservationTest@662706a7]" started-at="2024-12-07T09:07:38 GMT" name="registrationConfirmationPage" finished-at="2024-12-07T09:07:40 GMT" depends-on-methods="org.learn.tests.flightreservation.FlightReservationTest.userRegistrationTest" duration-ms="1274" status="PASS">
          <reporter-output>
          </reporter-output>
        </test-method> <!-- registrationConfirmationPage -->
        <test-method signature="flightsSearchPage()[pri:0, instance:org.learn.tests.flightreservation.FlightReservationTest@662706a7]" started-at="2024-12-07T09:07:40 GMT" name="flightsSearchPage" finished-at="2024-12-07T09:07:42 GMT" depends-on-methods="org.learn.tests.flightreservation.FlightReservationTest.registrationConfirmationPage" duration-ms="1998" status="PASS">
          <reporter-output>
          </reporter-output>
        </test-method> <!-- flightsSearchPage -->
        <test-method signature="selectFlightsPage()[pri:0, instance:org.learn.tests.flightreservation.FlightReservationTest@662706a7]" started-at="2024-12-07T09:07:42 GMT" name="selectFlightsPage" finished-at="2024-12-07T09:07:45 GMT" depends-on-methods="org.learn.tests.flightreservation.FlightReservationTest.flightsSearchPage" duration-ms="3291" status="PASS">
          <reporter-output>
          </reporter-output>
        </test-method> <!-- selectFlightsPage -->
        <test-method signature="flightConfirmationPage()[pri:0, instance:org.learn.tests.flightreservation.FlightReservationTest@662706a7]" started-at="2024-12-07T09:07:45 GMT" name="flightConfirmationPage" finished-at="2024-12-07T09:07:46 GMT" depends-on-methods="org.learn.tests.flightreservation.FlightReservationTest.selectFlightsPage" duration-ms="1257" status="PASS">
          <reporter-output>
          </reporter-output>
        </test-method> <!-- flightConfirmationPage -->
        <test-method is-config="true" signature="quitDriver()[pri:0, instance:org.learn.tests.flightreservation.FlightReservationTest@662706a7]" started-at="2024-12-07T09:07:46 GMT" name="quitDriver" finished-at="2024-12-07T09:07:46 GMT" duration-ms="107" status="PASS">
          <reporter-output>
          </reporter-output>
        </test-method> <!-- quitDriver -->
      </class> <!-- org.learn.tests.flightreservation.FlightReservationTest -->
    </test> <!-- passengers-count-4 -->
  </suite> <!-- flight-reservation-test -->
</testng-results>
